openCVLibrary343/build/intermediates/manifest_merge_blame_file/debug/manifest-merger-blame-debug-report.txt
1<?xml version="1.0" encoding="utf-8"?>
2<manifest xmlns:android="http://schemas.android.com/apk/res/android"
3    package="org.opencv" > <!-- uses-sdk android:minSdkVersion="8" / -->
4    <uses-sdk
5        android:minSdkVersion="19"
5-->src\main\AndroidManifest.xml
6        android:targetSdkVersion="28" />
6-->src\main\AndroidManifest.xml
7
8</manifest>